1582461438609	mozrunner::runner	INFO	Running command: "C:\\Program Files\\Mozilla Firefox\\firefox.exe" "-marionette" "-foreground" "-no-remote" "-profile" "C:\\Users\\Cedric\\AppData\\Local\\Temp\\rust_mozprofiley9DJ3M"
1582461439221	addons.webextension.doh-rollout@mozilla.org	WARN	Loading extension 'doh-rollout@mozilla.org': Reading manifest: Invalid extension permission: networkStatus
1582461439913	addons.webextension.screenshots@mozilla.org	WARN	Loading extension 'screenshots@mozilla.org': Reading manifest: Invalid extension permission: mozillaAddons
1582461439913	addons.webextension.screenshots@mozilla.org	WARN	Loading extension 'screenshots@mozilla.org': Reading manifest: Invalid extension permission: telemetry
1582461439915	addons.webextension.screenshots@mozilla.org	WARN	Loading extension 'screenshots@mozilla.org': Reading manifest: Invalid extension permission: resource://pdf.js/
1582461439915	addons.webextension.screenshots@mozilla.org	WARN	Loading extension 'screenshots@mozilla.org': Reading manifest: Invalid extension permission: about:reader*
JavaScript error: resource://gre/modules/XULStore.jsm, line 66: Error: Can't find profile directory.
1582461443574	Marionette	INFO	Listening on port 53840
1582461443961	Marionette	WARN	TLS certificate errors will be ignored for this session
1582461448122	Marionette	INFO	Stopped listening on port 53840

###!!! [Child][RunMessage] Error: Channel closing: too late to send/recv, messages will be lost

1582472153190	mozrunner::runner	INFO	Running command: "C:\\Program Files\\Mozilla Firefox\\firefox.exe" "-marionette" "-foreground" "-no-remote" "-profile" "C:\\Users\\Cedric\\AppData\\Local\\Temp\\rust_mozprofileEBF0Le"
1582472153808	addons.webextension.doh-rollout@mozilla.org	WARN	Loading extension 'doh-rollout@mozilla.org': Reading manifest: Invalid extension permission: networkStatus
1582472154460	addons.webextension.screenshots@mozilla.org	WARN	Loading extension 'screenshots@mozilla.org': Reading manifest: Invalid extension permission: mozillaAddons
1582472154460	addons.webextension.screenshots@mozilla.org	WARN	Loading extension 'screenshots@mozilla.org': Reading manifest: Invalid extension permission: telemetry
1582472154460	addons.webextension.screenshots@mozilla.org	WARN	Loading extension 'screenshots@mozilla.org': Reading manifest: Invalid extension permission: resource://pdf.js/
1582472154460	addons.webextension.screenshots@mozilla.org	WARN	Loading extension 'screenshots@mozilla.org': Reading manifest: Invalid extension permission: about:reader*
JavaScript error: resource://gre/modules/XULStore.jsm, line 66: Error: Can't find profile directory.
1582472157953	Marionette	INFO	Listening on port 54469
1582472158023	Marionette	WARN	TLS certificate errors will be ignored for this session
JavaScript error: resource://gre/modules/XULStore.jsm, line 66: Error: Can't find profile directory.
1582472241931	Marionette	INFO	Stopped listening on port 54469

###!!! [Child][RunMessage] Error: Channel closing: too late to send/recv, messages will be lost

[Parent 10560, Gecko_IOThread] WARNING: pipe error: 232: file z:/task_1581954009/build/src/ipc/chromium/src/chrome/common/ipc_channel_win.cc, line 507

###!!! [Child][MessageChannel::SendAndWait] Error: (msgtype=0x5D0005,name=PImageBridge::Msg_WillClose) Channel error: cannot send/recv

oading extension 'screenshots@mozilla.org': Reading manifest: Invalid extension permission: mozillaAddons
1582472224708	addons.webextension.screenshots@mozilla.org	WARN	Loading extension 'screenshots@mozilla.org': Reading manifest: Invalid extension permission: telemetry
1582472224709	addons.webextension.screenshots@mozilla.org	WARN	Loading extension 'screenshots@mozilla.org': Reading manifest: Invalid extension permission: resource://pdf.js/
1582472224709	addons.webextension.screenshots@mozilla.org	WARN	Loading extension 'screenshots@mozilla.org': Reading manifest: Invalid extension permission: about:reader*
JavaScript error: resource://gre/modules/XULStore.jsm, line 66: Error: Can't find profile directory.
1582472228584	Marionette	INFO	Listening on port 54516
1582472228630	Marionette	WARN	TLS certificate errors will be ignored for this session
1582472333680	Marionette	INFO	Stopped listening on port 54516

###!!! [Child][RunMessage] Error: Channel closing: too late to send/recv, messages will be lost

rs\\Cedric\\AppData\\Local\\Temp\\rust_mozprofileJRSc0l"
1582472322660	addons.webextension.doh-rollout@mozilla.org	WARN	Loading extension 'doh-rollout@mozilla.org': Reading manifest: Invalid extension permission: networkStatus
1582472323347	addons.webextension.screenshots@mozilla.org	WARN	Loading extension 'screenshots@mozilla.org': Reading manifest: Invalid extension permission: mozillaAddons
1582472323348	addons.webextension.screenshots@mozilla.org	WARN	Loading extension 'screenshots@mozilla.org': Reading manifest: Invalid extension permission: telemetry
1582472323348	addons.webextension.screenshots@mozilla.org	WARN	Loading extension 'screenshots@mozilla.org': Reading manifest: Invalid extension permission: resource://pdf.js/
1582472323348	addons.webextension.screenshots@mozilla.org	WARN	Loading extension 'screenshots@mozilla.org': Reading manifest: Invalid extension permission: about:reader*
JavaScript error: resource://gre/modules/XULStore.jsm, line 66: Error: Can't find profile directory.
1582472327057	Marionette	INFO	Listening on port 54562
1582472327315	Marionette	WARN	TLS certificate errors will be ignored for this session
1582472331740	Marionette	INFO	Stopped listening on port 54562

###!!! [Child][RunMessage] Error: Channel closing: too late to send/recv, messages will be lost

[Parent 8744, Gecko_IOThread] WARNING: pipe error: 232: file z:/task_1581954009/build/src/ipc/chromium/src/chrome/common/ipc_channel_win.cc, line 507
